Using pre-set license
Built from '2020.3/china_unity/release' branch; Version is '2020.3.4f1c1 (3d27070cb163) revision 4007687'; Using compiler version '192528614'; Build Type 'Release'
OS: 'Windows 10 Home China; OS build 19042.928; Version 2009; 64bit' Language: 'zh' Physical Memory: 8000 MB
BatchMode: 1, IsHumanControllingUs: 0, StartBugReporterOnCrash: 0, Is64bit: 1, IsPro: 0

 COMMAND LINE ARGUMENTS:
C:\Program Files\Unity\Editor\Unity.exe
-adb2
-batchMode
-noUpm
-name
AssetImportWorker0
-projectPath
E:/游戏设计项目/hello world
-logFile
Logs/AssetImportWorker0.log
-srvPort
49785
Successfully changed project path to: E:/游戏设计项目/hello world
E:/游戏设计项目/hello world
Using Asset Import Pipeline V2.
Refreshing native plugins compatible for Editor in 66.29 ms, found 1 plugins.
Preloading 0 native plugins for Editor in 0.00 ms.
Initialize engine version: 2020.3.4f1c1 (3d27070cb163)
[Subsystems] Discovering subsystems at path C:/Program Files/Unity/Editor/Data/Resources/UnitySubsystems
[Subsystems] Discovering subsystems at path E:/游戏设计项目/hello world/Assets
GfxDevice: creating device client; threaded=0
Direct3D:
    Version:  Direct3D 11.0 [level 11.1]
    Renderer: Intel(R) UHD Graphics 630 (ID=0x3e9b)
    Vendor:   
    VRAM:     4000 MB
    Driver:   27.20.100.8476
Initialize mono
Mono path[0] = 'C:/Program Files/Unity/Editor/Data/Managed'
Mono path[1] = 'C:/Program Files/Unity/Editor/Data/MonoBleedingEdge/lib/mono/unityjit'
Mono config path = 'C:/Program Files/Unity/Editor/Data/MonoBleedingEdge/etc'
Using monoOptions --debugger-agent=transport=dt_socket,embedding=1,server=y,suspend=n,address=127.0.0.1:56388
Begin MonoManager ReloadAssembly
Registering precompiled unity dll's ...
Register platform support module: C:/Program Files/Unity/Editor/Data/PlaybackEngines/WindowsStandaloneSupport/UnityEditor.WindowsStandalone.Extensions.dll
Registered in 0.006746 seconds.
Native extension for WindowsStandalone target not found
Refreshing native plugins compatible for Editor in 49.44 ms, found 1 plugins.
Preloading 0 native plugins for Editor in 0.00 ms.
Mono: successfully reloaded assembly
- Completed reload, in  1.283 seconds
Platform modules already initialized, skipping
Registering precompiled user dll's ...
Registered in 0.001308 seconds.
Begin MonoManager ReloadAssembly
Native extension for WindowsStandalone target not found
Refreshing native plugins compatible for Editor in 97.44 ms, found 1 plugins.
Preloading 0 native plugins for Editor in 0.00 ms.
Mono: successfully reloaded assembly
- Completed reload, in  2.004 seconds
Platform modules already initialized, skipping
========================================================================
Worker process is ready to serve import requests
Launched and connected shader compiler UnityShaderCompiler.exe after 0.16 seconds
Refreshing native plugins compatible for Editor in 0.59 ms, found 1 plugins.
Preloading 0 native plugins for Editor in 0.00 ms.
Unloading 1810 Unused Serialized files (Serialized files now loaded: 0)
System memory in use before: 85.1 MB.
System memory in use after: 85.1 MB.

Unloading 19 unused Assets to reduce memory usage. Loaded Objects now: 2257.
Total: 3.635200 ms (FindLiveObjects: 0.385400 ms CreateObjectMapping: 0.182900 ms MarkObjects: 2.986700 ms  DeleteObjects: 0.078600 ms)

========================================================================
Received Import Request.
  path: Assets/scrips/playercontrol.cs
  artifactKey: Guid(90a16ebbf01094342b7648ca9207a89a) Importer(815301076,1909f56bfc062723c751e8b465ee728b)
Start importing Assets/scrips/playercontrol.cs using Guid(90a16ebbf01094342b7648ca9207a89a) Importer(815301076,1909f56bfc062723c751e8b465ee728b)  -> (artifact id: '0135ce9ead836412c170ec9f423d937e') in 0.080321 seconds
  Import took 0.084769 seconds .

========================================================================
Received Prepare
Registering precompiled user dll's ...
Registered in 0.001576 seconds.
Begin MonoManager ReloadAssembly
Native extension for WindowsStandalone target not found
Refreshing native plugins compatible for Editor in 0.62 ms, found 1 plugins.
Preloading 0 native plugins for Editor in 0.00 ms.
Mono: successfully reloaded assembly
- Completed reload, in  2.215 seconds
Platform modules already initialized, skipping
Refreshing native plugins compatible for Editor in 0.62 ms, found 1 plugins.
Preloading 0 native plugins for Editor in 0.00 ms.
Unloading 1800 Unused Serialized files (Serialized files now loaded: 0)
System memory in use before: 84.5 MB.
System memory in use after: 84.6 MB.

Unloading 7 unused Assets to reduce memory usage. Loaded Objects now: 2261.
Total: 2.724500 ms (FindLiveObjects: 0.377300 ms CreateObjectMapping: 0.099300 ms MarkObjects: 2.226400 ms  DeleteObjects: 0.019700 ms)

========================================================================
Received Prepare
Registering precompiled user dll's ...
Registered in 0.002370 seconds.
Begin MonoManager ReloadAssembly
Native extension for WindowsStandalone target not found
Refreshing native plugins compatible for Editor in 0.54 ms, found 1 plugins.
Preloading 0 native plugins for Editor in 0.00 ms.
Mono: successfully reloaded assembly
- Completed reload, in  2.352 seconds
Platform modules already initialized, skipping
Refreshing native plugins compatible for Editor in 0.83 ms, found 1 plugins.
Preloading 0 native plugins for Editor in 0.00 ms.
Unloading 1800 Unused Serialized files (Serialized files now loaded: 0)
System memory in use before: 84.5 MB.
System memory in use after: 84.7 MB.

Unloading 7 unused Assets to reduce memory usage. Loaded Objects now: 2265.
Total: 4.385800 ms (FindLiveObjects: 0.445800 ms CreateObjectMapping: 0.189600 ms MarkObjects: 3.709800 ms  DeleteObjects: 0.039300 ms)

========================================================================
Received Import Request.
  Time since last request: 1615.108119 seconds.
  path: Assets/matiral
  artifactKey: Guid(6202cd92fadebff4eb754f43063e94c5) Importer(815301076,1909f56bfc062723c751e8b465ee728b)
Start importing Assets/matiral using Guid(6202cd92fadebff4eb754f43063e94c5) Importer(815301076,1909f56bfc062723c751e8b465ee728b)  -> (artifact id: 'b068ed26fa74c80e06346a999ad78cd3') in 0.009092 seconds
  Import took 0.013626 seconds .

========================================================================
Received Import Request.
  Time since last request: 160.145921 seconds.
  path: Assets/matiral/eage.physicMaterial
  artifactKey: Guid(1cf94f399143d5249bdfff010b07635b) Importer(815301076,1909f56bfc062723c751e8b465ee728b)
Start importing Assets/matiral/eage.physicMaterial using Guid(1cf94f399143d5249bdfff010b07635b) Importer(815301076,1909f56bfc062723c751e8b465ee728b)  -> (artifact id: '49cbb41998925a52a7ab4271f8b7c0e1') in 0.031004 seconds
  Import took 0.034735 seconds .

========================================================================
Received Import Request.
  Time since last request: 93.944135 seconds.
  path: Assets/matiral/New Physic Material.physicMaterial
  artifactKey: Guid(52212232a0530f14392deff888dbec1d) Importer(815301076,1909f56bfc062723c751e8b465ee728b)
Start importing Assets/matiral/New Physic Material.physicMaterial using Guid(52212232a0530f14392deff888dbec1d) Importer(815301076,1909f56bfc062723c751e8b465ee728b)  -> (artifact id: 'da158910e612f24e91cb70105ac4e3dd') in 0.004230 seconds
  Import took 0.008871 seconds .

========================================================================
Received Import Request.
  Time since last request: 48.349405 seconds.
  path: Assets/material
  artifactKey: Guid(6202cd92fadebff4eb754f43063e94c5) Importer(815301076,1909f56bfc062723c751e8b465ee728b)
Start importing Assets/material using Guid(6202cd92fadebff4eb754f43063e94c5) Importer(815301076,1909f56bfc062723c751e8b465ee728b)  -> (artifact id: '2c7ed761b5c5034a4758f1a3f7426dbe') in 0.003845 seconds
  Import took 0.009946 seconds .

========================================================================
Received Import Request.
  Time since last request: 25.575389 seconds.
  path: Assets/material/eage.physicsMaterial2D
  artifactKey: Guid(eadecb2ed83867e4089dbc0b9935ee9c) Importer(815301076,1909f56bfc062723c751e8b465ee728b)
Start importing Assets/material/eage.physicsMaterial2D using Guid(eadecb2ed83867e4089dbc0b9935ee9c) Importer(815301076,1909f56bfc062723c751e8b465ee728b)  -> (artifact id: '5ccff090c8a8f2c3b36240941f6e3235') in 0.043327 seconds
  Import took 0.058855 seconds .

========================================================================
Received Prepare
Registering precompiled user dll's ...
Registered in 0.002897 seconds.
Begin MonoManager ReloadAssembly
Native extension for WindowsStandalone target not found
Refreshing native plugins compatible for Editor in 0.84 ms, found 1 plugins.
Preloading 0 native plugins for Editor in 0.00 ms.
Mono: successfully reloaded assembly
- Completed reload, in  2.554 seconds
Platform modules already initialized, skipping
Refreshing native plugins compatible for Editor in 0.46 ms, found 1 plugins.
Preloading 0 native plugins for Editor in 0.00 ms.
Unloading 1800 Unused Serialized files (Serialized files now loaded: 0)
System memory in use before: 84.6 MB.
System memory in use after: 84.7 MB.

Unloading 7 unused Assets to reduce memory usage. Loaded Objects now: 2269.
Total: 6.549300 ms (FindLiveObjects: 0.478200 ms CreateObjectMapping: 0.172600 ms MarkObjects: 5.839400 ms  DeleteObjects: 0.055900 ms)

========================================================================
Received Prepare
Registering precompiled user dll's ...
Registered in 0.001939 seconds.
Begin MonoManager ReloadAssembly
Native extension for WindowsStandalone target not found
Refreshing native plugins compatible for Editor in 0.35 ms, found 1 plugins.
Preloading 0 native plugins for Editor in 0.00 ms.
Mono: successfully reloaded assembly
- Completed reload, in  1.091 seconds
Platform modules already initialized, skipping
Refreshing native plugins compatible for Editor in 0.77 ms, found 1 plugins.
Preloading 0 native plugins for Editor in 0.00 ms.
Unloading 1800 Unused Serialized files (Serialized files now loaded: 0)
System memory in use before: 84.6 MB.
System memory in use after: 84.7 MB.

Unloading 7 unused Assets to reduce memory usage. Loaded Objects now: 2273.
Total: 4.599100 ms (FindLiveObjects: 0.505700 ms CreateObjectMapping: 0.144900 ms MarkObjects: 3.874300 ms  DeleteObjects: 0.072900 ms)

========================================================================
Received Prepare
Registering precompiled user dll's ...
Registered in 0.001307 seconds.
Begin MonoManager ReloadAssembly
Native extension for WindowsStandalone target not found
Refreshing native plugins compatible for Editor in 0.36 ms, found 1 plugins.
Preloading 0 native plugins for Editor in 0.00 ms.
Mono: successfully reloaded assembly
- Completed reload, in  1.114 seconds
Platform modules already initialized, skipping
Refreshing native plugins compatible for Editor in 0.43 ms, found 1 plugins.
Preloading 0 native plugins for Editor in 0.00 ms.
Unloading 1800 Unused Serialized files (Serialized files now loaded: 0)
System memory in use before: 84.6 MB.
System memory in use after: 84.7 MB.

Unloading 7 unused Assets to reduce memory usage. Loaded Objects now: 2277.
Total: 3.892300 ms (FindLiveObjects: 0.483300 ms CreateObjectMapping: 0.122500 ms MarkObjects: 3.261900 ms  DeleteObjects: 0.022900 ms)

========================================================================
Received Prepare
Registering precompiled user dll's ...
Registered in 0.002321 seconds.
Begin MonoManager ReloadAssembly
Native extension for WindowsStandalone target not found
Refreshing native plugins compatible for Editor in 0.39 ms, found 1 plugins.
Preloading 0 native plugins for Editor in 0.00 ms.
Mono: successfully reloaded assembly
- Completed reload, in  1.121 seconds
Platform modules already initialized, skipping
Refreshing native plugins compatible for Editor in 0.60 ms, found 1 plugins.
Preloading 0 native plugins for Editor in 0.00 ms.
Unloading 1800 Unused Serialized files (Serialized files now loaded: 0)
System memory in use before: 84.6 MB.
System memory in use after: 84.7 MB.

Unloading 7 unused Assets to reduce memory usage. Loaded Objects now: 2281.
Total: 2.291000 ms (FindLiveObjects: 0.173400 ms CreateObjectMapping: 0.059600 ms MarkObjects: 2.038400 ms  DeleteObjects: 0.018300 ms)

========================================================================
Received Prepare
Registering precompiled user dll's ...
Registered in 0.001229 seconds.
Begin MonoManager ReloadAssembly
Native extension for WindowsStandalone target not found
Refreshing native plugins compatible for Editor in 0.36 ms, found 1 plugins.
Preloading 0 native plugins for Editor in 0.00 ms.
Mono: successfully reloaded assembly
- Completed reload, in  1.123 seconds
Platform modules already initialized, skipping
Refreshing native plugins compatible for Editor in 0.39 ms, found 1 plugins.
Preloading 0 native plugins for Editor in 0.00 ms.
Unloading 1800 Unused Serialized files (Serialized files now loaded: 0)
System memory in use before: 84.6 MB.
System memory in use after: 84.7 MB.

Unloading 7 unused Assets to reduce memory usage. Loaded Objects now: 2285.
Total: 2.197200 ms (FindLiveObjects: 0.233900 ms CreateObjectMapping: 0.083900 ms MarkObjects: 1.835300 ms  DeleteObjects: 0.043100 ms)

========================================================================
Received Prepare
Registering precompiled user dll's ...
Registered in 0.002837 seconds.
Begin MonoManager ReloadAssembly
Native extension for WindowsStandalone target not found
Refreshing native plugins compatible for Editor in 0.64 ms, found 1 plugins.
Preloading 0 native plugins for Editor in 0.00 ms.
Mono: successfully reloaded assembly
- Completed reload, in  1.400 seconds
Platform modules already initialized, skipping
Refreshing native plugins compatible for Editor in 0.40 ms, found 1 plugins.
Preloading 0 native plugins for Editor in 0.00 ms.
Unloading 1800 Unused Serialized files (Serialized files now loaded: 0)
System memory in use before: 84.6 MB.
System memory in use after: 84.7 MB.

Unloading 7 unused Assets to reduce memory usage. Loaded Objects now: 2289.
Total: 2.444600 ms (FindLiveObjects: 0.270000 ms CreateObjectMapping: 0.085400 ms MarkObjects: 2.063300 ms  DeleteObjects: 0.024700 ms)

========================================================================
Received Prepare
Registering precompiled user dll's ...
Registered in 0.002559 seconds.
Begin MonoManager ReloadAssembly
Native extension for WindowsStandalone target not found
Refreshing native plugins compatible for Editor in 0.35 ms, found 1 plugins.
Preloading 0 native plugins for Editor in 0.00 ms.
Mono: successfully reloaded assembly
- Completed reload, in  1.134 seconds
Platform modules already initialized, skipping
Refreshing native plugins compatible for Editor in 0.43 ms, found 1 plugins.
Preloading 0 native plugins for Editor in 0.00 ms.
Unloading 1800 Unused Serialized files (Serialized files now loaded: 0)
System memory in use before: 84.6 MB.
System memory in use after: 84.8 MB.

Unloading 7 unused Assets to reduce memory usage. Loaded Objects now: 2293.
Total: 3.749600 ms (FindLiveObjects: 0.301000 ms CreateObjectMapping: 0.138700 ms MarkObjects: 3.274900 ms  DeleteObjects: 0.033300 ms)

========================================================================
Received Prepare
Registering precompiled user dll's ...
Registered in 0.001273 seconds.
Begin MonoManager ReloadAssembly
Native extension for WindowsStandalone target not found
Refreshing native plugins compatible for Editor in 0.36 ms, found 1 plugins.
Preloading 0 native plugins for Editor in 0.00 ms.
Mono: successfully reloaded assembly
- Completed reload, in  1.080 seconds
Platform modules already initialized, skipping
Refreshing native plugins compatible for Editor in 0.36 ms, found 1 plugins.
Preloading 0 native plugins for Editor in 0.00 ms.
Unloading 1800 Unused Serialized files (Serialized files now loaded: 0)
System memory in use before: 84.6 MB.
System memory in use after: 84.8 MB.

Unloading 7 unused Assets to reduce memory usage. Loaded Objects now: 2297.
Total: 3.477100 ms (FindLiveObjects: 0.395500 ms CreateObjectMapping: 0.202700 ms MarkObjects: 2.859900 ms  DeleteObjects: 0.018100 ms)

========================================================================
Received Prepare
Registering precompiled user dll's ...
Registered in 0.001406 seconds.
Begin MonoManager ReloadAssembly
Native extension for WindowsStandalone target not found
Refreshing native plugins compatible for Editor in 0.40 ms, found 1 plugins.
Preloading 0 native plugins for Editor in 0.00 ms.
Mono: successfully reloaded assembly
- Completed reload, in  1.133 seconds
Platform modules already initialized, skipping
Refreshing native plugins compatible for Editor in 0.52 ms, found 1 plugins.
Preloading 0 native plugins for Editor in 0.00 ms.
Unloading 1800 Unused Serialized files (Serialized files now loaded: 0)
System memory in use before: 84.7 MB.
System memory in use after: 84.8 MB.

Unloading 7 unused Assets to reduce memory usage. Loaded Objects now: 2301.
Total: 2.247000 ms (FindLiveObjects: 0.240800 ms CreateObjectMapping: 0.081500 ms MarkObjects: 1.885400 ms  DeleteObjects: 0.018800 ms)

========================================================================
Received Prepare
Registering precompiled user dll's ...
Registered in 0.002603 seconds.
Begin MonoManager ReloadAssembly
Native extension for WindowsStandalone target not found
Refreshing native plugins compatible for Editor in 0.87 ms, found 1 plugins.
Preloading 0 native plugins for Editor in 0.00 ms.
Mono: successfully reloaded assembly
- Completed reload, in  2.510 seconds
Platform modules already initialized, skipping
Refreshing native plugins compatible for Editor in 0.81 ms, found 1 plugins.
Preloading 0 native plugins for Editor in 0.00 ms.
Unloading 1800 Unused Serialized files (Serialized files now loaded: 0)
System memory in use before: 84.7 MB.
System memory in use after: 84.8 MB.

Unloading 7 unused Assets to reduce memory usage. Loaded Objects now: 2305.
Total: 5.870300 ms (FindLiveObjects: 0.940300 ms CreateObjectMapping: 0.217100 ms MarkObjects: 4.662700 ms  DeleteObjects: 0.045200 ms)

========================================================================
Received Import Request.
  Time since last request: 805.069319 seconds.
  path: Packages/com.unity.2d.spriteshape/Editor/ObjectMenuCreation/DefaultAssets/Sprite Shapes/Closed Sprite Shape.prefab
  artifactKey: Guid(c0583b4e855c74b8c82e7b9b5efb5ce9) Importer(815301076,1909f56bfc062723c751e8b465ee728b)
Start importing Packages/com.unity.2d.spriteshape/Editor/ObjectMenuCreation/DefaultAssets/Sprite Shapes/Closed Sprite Shape.prefab using Guid(c0583b4e855c74b8c82e7b9b5efb5ce9) Importer(815301076,1909f56bfc062723c751e8b465ee728b)  -> (artifact id: 'b71a9162448ee3010b262be2e2a9a3c5') in 0.608299 seconds
  Import took 0.614178 seconds .

========================================================================
Received Import Request.
  Time since last request: 0.000629 seconds.
  path: Packages/com.unity.2d.spriteshape/Editor/ObjectMenuCreation/DefaultAssets/Sprite Shapes/Open Sprite Shape.prefab
  artifactKey: Guid(86ae7de409eb54f619fb1328e4d42480) Importer(815301076,1909f56bfc062723c751e8b465ee728b)
Start importing Packages/com.unity.2d.spriteshape/Editor/ObjectMenuCreation/DefaultAssets/Sprite Shapes/Open Sprite Shape.prefab using Guid(86ae7de409eb54f619fb1328e4d42480) Importer(815301076,1909f56bfc062723c751e8b465ee728b)  -> (artifact id: '7c6bfb474b31144e6176c3eb9b85dcde') in 0.012697 seconds
  Import took 0.019056 seconds .

========================================================================
Received Import Request.
  Time since last request: 1525.238027 seconds.
  path: Assets/scrips/Camera.cs
  artifactKey: Guid(4832ac009b51c2940857a8e70bea9f8e) Importer(815301076,1909f56bfc062723c751e8b465ee728b)
Start importing Assets/scrips/Camera.cs using Guid(4832ac009b51c2940857a8e70bea9f8e) Importer(815301076,1909f56bfc062723c751e8b465ee728b)  -> (artifact id: '4526bedcdf294792d062f2ae988091d8') in 0.006785 seconds
  Import took 0.013412 seconds .

========================================================================
Received Prepare
Registering precompiled user dll's ...
Registered in 0.001092 seconds.
Begin MonoManager ReloadAssembly
Native extension for WindowsStandalone target not found
Refreshing native plugins compatible for Editor in 0.38 ms, found 1 plugins.
Preloading 0 native plugins for Editor in 0.00 ms.
Mono: successfully reloaded assembly
- Completed reload, in  1.659 seconds
Platform modules already initialized, skipping
Refreshing native plugins compatible for Editor in 0.50 ms, found 1 plugins.
Preloading 0 native plugins for Editor in 0.00 ms.
Unloading 1801 Unused Serialized files (Serialized files now loaded: 0)
System memory in use before: 84.7 MB.
System memory in use after: 84.8 MB.

Unloading 7 unused Assets to reduce memory usage. Loaded Objects now: 2310.
Total: 4.680900 ms (FindLiveObjects: 0.487900 ms CreateObjectMapping: 0.243400 ms MarkObjects: 3.918300 ms  DeleteObjects: 0.029100 ms)

AssetImportWorkerClient::OnTransportError - code=2 error=End of file
